Determining if the pthread_create exist failed with the following output:
Change Dir: /home/roboy/workspace/Stronger-Hand/build/CMakeFiles/CMakeTmp

Run Build Command:"/usr/bin/make" "cmTC_adc21/fast"
/usr/bin/make -f CMakeFiles/cmTC_adc21.dir/build.make CMakeFiles/cmTC_adc21.dir/build
make[1]: Entering directory '/home/roboy/workspace/Stronger-Hand/build/CMakeFiles/CMakeTmp'
Building C object CMakeFiles/cmTC_adc21.dir/CheckSymbolExists.c.o
/usr/bin/cc     -o CMakeFiles/cmTC_adc21.dir/CheckSymbolExists.c.o   -c /home/roboy/workspace/Stronger-Hand/build/CMakeFiles/CMakeTmp/CheckSymbolExists.c
Linking C executable cmTC_adc21
/usr/bin/cmake -E cmake_link_script CMakeFiles/cmTC_adc21.dir/link.txt --verbose=1
/usr/bin/cc       CMakeFiles/cmTC_adc21.dir/CheckSymbolExists.c.o  -o cmTC_adc21 -rdynamic 
CMakeFiles/cmTC_adc21.dir/CheckSymbolExists.c.o: In function `main':
CheckSymbolExists.c:(.text+0x16): undefined reference to `pthread_create'
collect2: error: ld returned 1 exit status
CMakeFiles/cmTC_adc21.dir/build.make:97: recipe for target 'cmTC_adc21' failed
make[1]: *** [cmTC_adc21] Error 1
make[1]: Leaving directory '/home/roboy/workspace/Stronger-Hand/build/CMakeFiles/CMakeTmp'
Makefile:126: recipe for target 'cmTC_adc21/fast' failed
make: *** [cmTC_adc21/fast] Error 2

File /home/roboy/workspace/Stronger-Hand/build/CMakeFiles/CMakeTmp/CheckSymbolExists.c:
/* */
#include <pthread.h>

int main(int argc, char** argv)
{
  (void)argv;
#ifndef pthread_create
  return ((int*)(&pthread_create))[argc];
#else
  (void)argc;
  return 0;
#endif
}

Determining if the function pthread_create exists in the pthreads failed with the following output:
Change Dir: /home/roboy/workspace/Stronger-Hand/build/CMakeFiles/CMakeTmp

Run Build Command:"/usr/bin/make" "cmTC_097d4/fast"
/usr/bin/make -f CMakeFiles/cmTC_097d4.dir/build.make CMakeFiles/cmTC_097d4.dir/build
make[1]: Entering directory '/home/roboy/workspace/Stronger-Hand/build/CMakeFiles/CMakeTmp'
Building C object CMakeFiles/cmTC_097d4.dir/CheckFunctionExists.c.o
/usr/bin/cc    -DCHECK_FUNCTION_EXISTS=pthread_create   -o CMakeFiles/cmTC_097d4.dir/CheckFunctionExists.c.o   -c /usr/share/cmake-3.5/Modules/CheckFunctionExists.c
Linking C executable cmTC_097d4
/usr/bin/cmake -E cmake_link_script CMakeFiles/cmTC_097d4.dir/link.txt --verbose=1
/usr/bin/cc   -DCHECK_FUNCTION_EXISTS=pthread_create    CMakeFiles/cmTC_097d4.dir/CheckFunctionExists.c.o  -o cmTC_097d4 -rdynamic -lpthreads 
/usr/bin/ld: cannot find -lpthreads
collect2: error: ld returned 1 exit status
CMakeFiles/cmTC_097d4.dir/build.make:97: recipe for target 'cmTC_097d4' failed
make[1]: *** [cmTC_097d4] Error 1
make[1]: Leaving directory '/home/roboy/workspace/Stronger-Hand/build/CMakeFiles/CMakeTmp'
Makefile:126: recipe for target 'cmTC_097d4/fast' failed
make: *** [cmTC_097d4/fast] Error 2


