Determining if the pthread_create exist failed with the following output:
Change Dir: /home/roboy/workspace/Stronger-Hand/src/cmake-build-debug/CMakeFiles/CMakeTmp

Run Build Command:"/usr/bin/make" "cmTC_d1262/fast"
/usr/bin/make -f CMakeFiles/cmTC_d1262.dir/build.make CMakeFiles/cmTC_d1262.dir/build
make[1]: Entering directory '/home/roboy/workspace/Stronger-Hand/src/cmake-build-debug/CMakeFiles/CMakeTmp'
Building C object CMakeFiles/cmTC_d1262.dir/CheckSymbolExists.c.o
/usr/bin/cc    -o CMakeFiles/cmTC_d1262.dir/CheckSymbolExists.c.o   -c /home/roboy/workspace/Stronger-Hand/src/cmake-build-debug/CMakeFiles/CMakeTmp/CheckSymbolExists.c
Linking C executable cmTC_d1262
/opt/clion-2018.1.6/bin/cmake/bin/cmake -E cmake_link_script CMakeFiles/cmTC_d1262.dir/link.txt --verbose=1
/usr/bin/cc      -rdynamic CMakeFiles/cmTC_d1262.dir/CheckSymbolExists.c.o  -o cmTC_d1262 
CMakeFiles/cmTC_d1262.dir/CheckSymbolExists.c.o: In function `main':
CheckSymbolExists.c:(.text+0x16): undefined reference to `pthread_create'
collect2: error: ld returned 1 exit status
CMakeFiles/cmTC_d1262.dir/build.make:97: recipe for target 'cmTC_d1262' failed
make[1]: *** [cmTC_d1262] Error 1
make[1]: Leaving directory '/home/roboy/workspace/Stronger-Hand/src/cmake-build-debug/CMakeFiles/CMakeTmp'
Makefile:126: recipe for target 'cmTC_d1262/fast' failed
make: *** [cmTC_d1262/fast] Error 2

File /home/roboy/workspace/Stronger-Hand/src/cmake-build-debug/CMakeFiles/CMakeTmp/CheckSymbolExists.c:
/* */
#include <pthread.h>

int main(int argc, char** argv)
{
  (void)argv;
#ifndef pthread_create
  return ((int*)(&pthread_create))[argc];
#else
  (void)argc;
  return 0;
#endif
}

Determining if the function pthread_create exists in the pthreads failed with the following output:
Change Dir: /home/roboy/workspace/Stronger-Hand/src/cmake-build-debug/CMakeFiles/CMakeTmp

Run Build Command:"/usr/bin/make" "cmTC_52a84/fast"
/usr/bin/make -f CMakeFiles/cmTC_52a84.dir/build.make CMakeFiles/cmTC_52a84.dir/build
make[1]: Entering directory '/home/roboy/workspace/Stronger-Hand/src/cmake-build-debug/CMakeFiles/CMakeTmp'
Building C object CMakeFiles/cmTC_52a84.dir/CheckFunctionExists.c.o
/usr/bin/cc   -DCHECK_FUNCTION_EXISTS=pthread_create   -o CMakeFiles/cmTC_52a84.dir/CheckFunctionExists.c.o   -c /opt/clion-2018.1.6/bin/cmake/share/cmake-3.10/Modules/CheckFunctionExists.c
Linking C executable cmTC_52a84
/opt/clion-2018.1.6/bin/cmake/bin/cmake -E cmake_link_script CMakeFiles/cmTC_52a84.dir/link.txt --verbose=1
/usr/bin/cc  -DCHECK_FUNCTION_EXISTS=pthread_create    -rdynamic CMakeFiles/cmTC_52a84.dir/CheckFunctionExists.c.o  -o cmTC_52a84 -lpthreads 
/usr/bin/ld: cannot find -lpthreads
collect2: error: ld returned 1 exit status
CMakeFiles/cmTC_52a84.dir/build.make:97: recipe for target 'cmTC_52a84' failed
make[1]: *** [cmTC_52a84] Error 1
make[1]: Leaving directory '/home/roboy/workspace/Stronger-Hand/src/cmake-build-debug/CMakeFiles/CMakeTmp'
Makefile:126: recipe for target 'cmTC_52a84/fast' failed
make: *** [cmTC_52a84/fast] Error 2


